<?xml version="1.0" encoding="UTF-8"?>
<!-- Generated by org.testng.reporters.JUnitReportReporter -->
<testsuite hostname="DESKTOP-MIF6520" failures="0" tests="1" name="sampleTests.SampleTest" time="10.576" errors="0" timestamp="2024-06-18T09:14:21 PDT" skipped="0">
  <testcase classname="sampleTests.SampleTest" name="setUp" time="10.576"/>
</testsuite> <!-- sampleTests.SampleTest -->
